Build release v3.0.3 at jue may 23 16:18:49 UTC 2019
Build release v3.1.0 at jue may 23 16:39:53 UTC 2019
Build release v3.1.5 at jue may 23 20:18:49 UTC 2019
Build release v3.2.0 at vie sep  6 05:31:13 UTC 2019
Build release v3.3.0 at dom sep  8 12:45:11 UTC 2019
Build release v3.3.1 at dom sep  8 17:36:31 UTC 2019
Build release v3.4.0 at mié sep 18 10:52:30 UTC 2019
Build release v3.4.1 at vie sep 27 04:30:38 UTC 2019
Build release v3.5.0 at Sun Apr  5 13:56:32 UTC 2020
Build release v3.5.1 at Sun Apr  5 15:39:59 UTC 2020
Build release v3.5.2 at Sun Apr 12 15:37:52 UTC 2020
Build release v3.5.3 at Sun Apr 12 15:57:53 UTC 2020
Build release v4.0.0 at dom abr 12 19:24:49 UTC 2020
Build release v5.0.0 at vie abr 24 15:21:23 UTC 2020
Build release v0.1.0 at sáb sep 26 11:02:09 UTC 2020
Build release v0.1.0 at sáb sep 26 11:15:46 UTC 2020
Build release v0.1.0 at sáb sep 26 11:44:27 UTC 2020
Build release v6.0.1 at sáb sep 26 11:49:12 UTC 2020
Build release v6.0.2 at dom nov 15 20:12:27 UTC 2020
Build release v6.1.0 at vie mar 26 16:50:02 UTC 2021
Build release v6.2.0 at dom mar 28 11:09:37 UTC 2021
Build release v6.3.0 at mié 20 abr 2022 20:45:46 UTC
Build release v6.4.0 at lun 04 jul 2022 08:53:44 UTC
Build release v7.0.0 at dom 11 jun 2023 10:07:33 UTC
Build release v7.1.0 at dom 08 oct 2023 14:49:41 UTC
Build release v7.2.0 at mar 31 dic 2024 09:16:33 UTC
